[21:34:27] [Client thread/INFO]: Setting user: Player562
[21:34:28] [Client thread/INFO]: LWJGL Version: 2.9.4
[21:34:29] [Client thread/INFO]: Reloading ResourceManager: Default, FMLFileResourcePack:Forge Mod Loader, FMLFileResourcePack:Minecraft Forge, FMLFileResourcePack:skyblock best
[21:34:29] [Sound Library Loader/INFO]: Starting up SoundSystem...
[21:34:29] [Thread-9/INFO]: Initializing LWJGL OpenAL
[21:34:29] [Thread-9/INFO]: (The LWJGL binding of OpenAL.  For more information, see http://www.lwjgl.org)
[21:34:29] [Thread-9/INFO]: OpenAL initialized.
[21:34:30] [Sound Library Loader/INFO]: Sound engine started
[21:34:31] [Client thread/INFO]: Created: 16x16 textures-atlas
[21:34:32] [Client thread/INFO]: Reloading ResourceManager: Default, FMLFileResourcePack:Forge Mod Loader, FMLFileResourcePack:Minecraft Forge, FMLFileResourcePack:skyblock best
[21:34:32] [Client thread/INFO]: SoundSystem shutting down...
[21:34:32] [Client thread/WARN]: Author: Paul Lamb, www.paulscode.com
[21:34:32] [Sound Library Loader/INFO]: Starting up SoundSystem...
[21:34:32] [Thread-11/INFO]: Initializing LWJGL OpenAL
[21:34:32] [Thread-11/INFO]: (The LWJGL binding of OpenAL.  For more information, see http://www.lwjgl.org)
[21:34:32] [Thread-11/INFO]: OpenAL initialized.
[21:34:33] [Sound Library Loader/INFO]: Sound engine started
[21:34:35] [Client thread/INFO]: Created: 512x512 textures-atlas
[21:35:03] [Client thread/INFO]: Connecting to localhost, 25565
[21:35:04] [Client thread/INFO]: [CHAT] Player562 joined the game
[21:35:15] [Client thread/INFO]: [CHAT] [Server: Opped player562]
[21:35:19] [Client thread/INFO]: [CHAT] Your game mode has been updated
[21:35:19] [Client thread/INFO]: [CHAT] Player562 has just earned the achievement [Taking Inventory]
[21:36:18] [Client thread/INFO]: Stopping!
[21:36:18] [Client thread/INFO]: SoundSystem shutting down...
[21:36:18] [Client thread/WARN]: Author: Paul Lamb, www.paulscode.com
